<?xml version="1.0" encoding="UTF-8"?>
<!-- Generated by org.testng.reporters.JUnitReportReporter -->
<testsuite hostname="ShameemsLaptop" failures="0" tests="7" name="com.PTG.Reqres.REQRES.TestUsersAPI" time="5.374" errors="0" timestamp="2022-09-20T20:45:37 PDT" skipped="0">
  <testcase classname="com.PTG.Reqres.REQRES.TestUsersAPI" name="deleteUser" time="2.310"/>
  <system-out/>
  <testcase classname="com.PTG.Reqres.REQRES.TestUsersAPI" name="getSingleUserNotfound" time="0.243"/>
  <system-out/>
  <testcase classname="com.PTG.Reqres.REQRES.TestUsersAPI" name="getListResource" time="0.290"/>
  <system-out/>
  <testcase classname="com.PTG.Reqres.REQRES.TestUsersAPI" name="testSingleUser" time="0.287"/>
  <system-out/>
  <testcase classname="com.PTG.Reqres.REQRES.TestUsersAPI" name="postUser" time="1.499"/>
  <system-out/>
  <testcase classname="com.PTG.Reqres.REQRES.TestUsersAPI" name="putUser" time="0.533"/>
  <system-out/>
  <testcase classname="com.PTG.Reqres.REQRES.TestUsersAPI" name="testUserDetails" time="0.212"/>
  <system-out/>
</testsuite> <!-- com.PTG.Reqres.REQRES.TestUsersAPI -->
